#
# This makefile was expanded from Makefile.mk-5 by Telelogic.
# Expanded macros and dependencies may be found at the
# end of this file
#

#
#	Makefile Header:               Makefile.mk
#       Subsystem:              100
#       Description:
#       %created_by:    lomgr %
#       %date_created:  Tue Mar  7 20:02:28 2006 %
CFLAGSINCL = $(X_INCLUDE) -I$(LEGOROOT_INCLUDE) -I$(LEGORT_INCLUDE) -I$(LEGOROOT_LIB) $(C_FLAGS)
CFLAGS = $(X_FLAGS) $(CFLAGSINCL) $(VERSIONE) -D$(OS) -g
UIL = $(UIL_COMPILER)
LIBSVIL = $(X_LIB) $(SQLITE_LIB) -lsqlite3
LIBUTIL = $(LEGORT_LIB)/libsim.a $(LEGOROOT_LIB)/libRt.a \
          $(LEGORT_LIB)/libipc.a $(LEGOROOT_LIB)/libutil.a \
	  $(LEGOROOT_LIB)/libutilx.a $(LEGOROOT_LIB)/libnet.a

SORGENTI = xaing.c
OGGETTI  = xaing.o

all:  $(LEGORT_BIN)/xaing


$(LEGORT_BIN)/xaing: $(OGGETTI) $(LIBUTIL)
	cc -o $(LEGORT_BIN)/xaing $(LINKER_OPTIONS) $(OGGETTI) \
	-lm $(LIBSVIL) $(LIBUTIL) -lXm -lX11 $(STUB_LIBS) $(C_LIB) $(OTHER_LIB)


# ******* Telelogic expanded section *******

# make_macros from makefile "Makefile.mk-5"
LEGORT_LIB=../../AlgLib
LEGOROOT_LIB=../../AlgLib
LEGOROOT_INCLUDE=../../AlgLib/libinclude
LEGORT_INCLUDE=../../include
LEGORT_BIN=../../bin
LEGORT_UID=../../uid


# make_macros from project "Alg_rt-2007A1_RHE4_lomgr
GUI_BUILD=/usr/bin/aic
OS=LINUX
X_LIB=-L/usr/X11R6/lib -lMrm -lXm -lXt -lX11 -g
SQLITE_LIB=-L$(LEGOROOT_LIB)/sqlite_lib
X_INCLUDE=-I.  -I../ -I$(LEGOROOT_LIB)/dcethreads_include -I/usr/local/include -I$(LEGOROOT_LIB)/sqlite_include  -I/usr/include -I/usr/include/uil -I/usr/include/Xt -I/usr/include/lib
C_FLAGS=-g -D_BSD -DLINUX -D_NO_PROTO -DXOPEN_CATALOG -DUNIX -Dmmap=_mmap_32_ -I. -I/usr/local/include -I$(LEGOROOT_LIB)/sqlite_include  -I/usr/include -L$(LEGOROOT_LIB)/sqlite_lib  
VERSIONE=-DBANCO_MANOVRA -DSCADA -DBACKTRACK -DF22_APPEND -DSNAP_PIAC -DPIACENZA -DREPLAY -DMFFR -DSAVEPERT -DMOTIF
UIL_INCLUDE=-I/usr/include/uil
UIL_COMPILER=/usr/bin/X11/uil
THREAD_LIB=-L$(LEGOROOT_LIB)/dcethreads_lib -ldcethreads -ldl
X_FLAGS=-c -D_NO_PROTO -DSNAPSHOT
F_FLAGS=-lfor
F_LIB=
MOTIF_VER=11
C_LIB=
OTHER_LIB=-lm
MOTIF_VER=11
