#
# This makefile was expanded from inhoud.mak-1 by Telelogic.
# Expanded macros and dependencies may be found at the
# end of this file
#

# Microsoft Developer Studio Generated NMAKE File, Based on inhoud.dsp
!IF "$(CFG)" == ""
CFG=inhoud - Win32 Debug
!MESSAGE No configuration specified. Defaulting to inhoud - Win32 Debug.
!ENDIF 

!IF "$(CFG)" != "inhoud - Win32 Release" && "$(CFG)" != "inhoud - Win32 Debug"
!MESSAGE Invalid configuration "$(CFG)" specified.
!MESSAGE You can specify a configuration when running NMAKE
!MESSAGE by defining the macro CFG on the command line. For example:
!MESSAGE 
!MESSAGE NMAKE /f "inhoud.mak" CFG="inhoud - Win32 Debug"
!MESSAGE 
!MESSAGE Possible choices for configuration are:
!MESSAGE 
!MESSAGE "inhoud - Win32 Release" (based on "Win32 (x86) Console Application")
!MESSAGE "inhoud - Win32 Debug" (based on "Win32 (x86) Console Application")
!MESSAGE 
!ERROR An invalid configuration is specified.
!ENDIF 

!IF "$(OS)" == "Windows_NT"
NULL=
!ELSE 
NULL=nul
!ENDIF 

!IF  "$(CFG)" == "inhoud - Win32 Release"

OUTDIR=.\Release
INTDIR=.\Release
# Begin Custom Macros
OutDir=.\Release
# End Custom Macros

!IF "$(RECURSE)" == "0" 

ALL : "$(OUTDIR)\inhoud.exe"

!ELSE 

ALL : "$(OUTDIR)\inhoud.exe"

!ENDIF 

CLEAN :
	-@erase "$(INTDIR)\inhoud.obj"
	-@erase "$(INTDIR)\vc50.idb"
	-@erase "$(OUTDIR)\inhoud.exe"

"$(OUTDIR)" :
    if not exist "$(OUTDIR)/$(NULL)" mkdir "$(OUTDIR)"

CPP=cl.exe
CPP_PROJ=/nologo /ML /W3 /GX /O2 /D "WIN32" /D "NDEBUG" /D "_CONSOLE" /D\
 "_MBCS" /Fp"$(INTDIR)\inhoud.pch" /YX /Fo"$(INTDIR)\\" /Fd"$(INTDIR)\\" /FD /c 
CPP_OBJS=.\Release/
CPP_SBRS=.

.c{$(CPP_OBJS)}.obj::
   $(CPP) @<<
   $(CPP_PROJ) $< 
<<

.cpp{$(CPP_OBJS)}.obj::
   $(CPP) @<<
   $(CPP_PROJ) $< 
<<

.cxx{$(CPP_OBJS)}.obj::
   $(CPP) @<<
   $(CPP_PROJ) $< 
<<

.c{$(CPP_SBRS)}.sbr::
   $(CPP) @<<
   $(CPP_PROJ) $< 
<<

.cpp{$(CPP_SBRS)}.sbr::
   $(CPP) @<<
   $(CPP_PROJ) $< 
<<

.cxx{$(CPP_SBRS)}.sbr::
   $(CPP) @<<
   $(CPP_PROJ) $< 
<<

RSC=rc.exe
BSC32=bscmake.exe
BSC32_FLAGS=/nologo /o"$(OUTDIR)\inhoud.bsc" 
BSC32_SBRS= \
	
LINK32=link.exe
LINK32_FLAGS=kernel32.lib user32.lib gdi32.lib winspool.lib comdlg32.lib\
 advapi32.lib shell32.lib ole32.lib oleaut32.lib uuid.lib odbc32.lib\
 odbccp32.lib /nologo /subsystem:console /incremental:no\
 /pdb:"$(OUTDIR)\inhoud.pdb" /machine:I386 /out:"$(OUTDIR)\inhoud.exe" 
LINK32_OBJS= \
	"$(INTDIR)\inhoud.obj"

"$(OUTDIR)\inhoud.exe" : "$(OUTDIR)" $(DEF_FILE) $(LINK32_OBJS)
    $(LINK32) @<<
  $(LINK32_FLAGS) $(LINK32_OBJS)
<<

!ELSEIF  "$(CFG)" == "inhoud - Win32 Debug"

OUTDIR=.\Debug
INTDIR=.\Debug
# Begin Custom Macros
OutDir=.\Debug
# End Custom Macros

!IF "$(RECURSE)" == "0" 

ALL : "$(OUTDIR)\inhoud.exe"

!ELSE 

ALL : "$(OUTDIR)\inhoud.exe"

!ENDIF 

CLEAN :
	-@erase "$(INTDIR)\inhoud.obj"
	-@erase "$(INTDIR)\vc50.idb"
	-@erase "$(INTDIR)\vc50.pdb"
	-@erase "$(OUTDIR)\inhoud.exe"
	-@erase "$(OUTDIR)\inhoud.ilk"
	-@erase "$(OUTDIR)\inhoud.pdb"

"$(OUTDIR)" :
    if not exist "$(OUTDIR)/$(NULL)" mkdir "$(OUTDIR)"

CPP=cl.exe
CPP_PROJ=/nologo /MLd /W3 /Gm /GX /Zi /Od /D "WIN32" /D "_DEBUG" /D "_CONSOLE"\
 /D "_MBCS" /Fp"$(INTDIR)\inhoud.pch" /YX /Fo"$(INTDIR)\\" /Fd"$(INTDIR)\\" /FD\
 /c 
CPP_OBJS=.\Debug/
CPP_SBRS=.

.c{$(CPP_OBJS)}.obj::
   $(CPP) @<<
   $(CPP_PROJ) $< 
<<

.cpp{$(CPP_OBJS)}.obj::
   $(CPP) @<<
   $(CPP_PROJ) $< 
<<

.cxx{$(CPP_OBJS)}.obj::
   $(CPP) @<<
   $(CPP_PROJ) $< 
<<

.c{$(CPP_SBRS)}.sbr::
   $(CPP) @<<
   $(CPP_PROJ) $< 
<<

.cpp{$(CPP_SBRS)}.sbr::
   $(CPP) @<<
   $(CPP_PROJ) $< 
<<

.cxx{$(CPP_SBRS)}.sbr::
   $(CPP) @<<
   $(CPP_PROJ) $< 
<<

RSC=rc.exe
BSC32=bscmake.exe
BSC32_FLAGS=/nologo /o"$(OUTDIR)\inhoud.bsc" 
BSC32_SBRS= \
	
LINK32=link.exe
LINK32_FLAGS=kernel32.lib user32.lib gdi32.lib winspool.lib comdlg32.lib\
 advapi32.lib shell32.lib ole32.lib oleaut32.lib uuid.lib odbc32.lib\
 odbccp32.lib /nologo /subsystem:console /incremental:yes\
 /pdb:"$(OUTDIR)\inhoud.pdb" /debug /machine:I386 /out:"$(OUTDIR)\inhoud.exe"\
 /pdbtype:sept 
LINK32_OBJS= \
	"$(INTDIR)\inhoud.obj"

"$(OUTDIR)\inhoud.exe" : "$(OUTDIR)" $(DEF_FILE) $(LINK32_OBJS)
    $(LINK32) @<<
  $(LINK32_FLAGS) $(LINK32_OBJS)
<<

!ENDIF 


!IF "$(CFG)" == "inhoud - Win32 Release" || "$(CFG)" == "inhoud - Win32 Debug"
SOURCE=.\inhoud.c

"$(INTDIR)\inhoud.obj" : $(SOURCE) "$(INTDIR)"



!ENDIF 


# ******* Telelogic expanded section *******

# make_macros from project "Alg_legopc-2007A1_RHE4_lomgr
#CFLAGS = -g -Wall
F_FLAGS=-fno-second-underscore -g -fno-automatic -finit-local-zero
CFLAGS = -Wall -DLinux
CC = gcc
