#
# This makefile was expanded from lgsincroaccshm.mak-1 by Telelogic.
# Expanded macros and dependencies may be found at the
# end of this file
#

# Microsoft Developer Studio Generated NMAKE File, Based on LgSincroAccShM.dsp
!IF "$(CFG)" == ""
CFG=LgSincroAccShM - Win32 Debug
!MESSAGE No configuration specified. Defaulting to LgSincroAccShM - Win32\
 Debug.
!ENDIF 

!IF "$(CFG)" != "LgSincroAccShM - Win32 Release" && "$(CFG)" !=\
 "LgSincroAccShM - Win32 Debug"
!MESSAGE Invalid configuration "$(CFG)" specified.
!MESSAGE You can specify a configuration when running NMAKE
!MESSAGE by defining the macro CFG on the command line. For example:
!MESSAGE 
!MESSAGE NMAKE /f "LgSincroAccShM.mak" CFG="LgSincroAccShM - Win32 Debug"
!MESSAGE 
!MESSAGE Possible choices for configuration are:
!MESSAGE 
!MESSAGE "LgSincroAccShM - Win32 Release" (based on\
 "Win32 (x86) Console Application")
!MESSAGE "LgSincroAccShM - Win32 Debug" (based on\
 "Win32 (x86) Console Application")
!MESSAGE 
!ERROR An invalid configuration is specified.
!ENDIF 

!IF "$(OS)" == "Windows_NT"
NULL=
!ELSE 
NULL=nul
!ENDIF 

!IF  "$(CFG)" == "LgSincroAccShM - Win32 Release"

OUTDIR=.\Release
INTDIR=.\Release
# Begin Custom Macros
OutDir=.\Release
# End Custom Macros

!IF "$(RECURSE)" == "0" 

ALL : "$(OUTDIR)\LgSincroAccShM.exe"

!ELSE 

ALL : "$(OUTDIR)\LgSincroAccShM.exe"

!ENDIF 

CLEAN :
	-@erase "$(INTDIR)\LgSincroAccShM.obj"
	-@erase "$(INTDIR)\vc50.idb"
	-@erase "$(OUTDIR)\LgSincroAccShM.exe"

"$(OUTDIR)" :
    if not exist "$(OUTDIR)/$(NULL)" mkdir "$(OUTDIR)"

CPP=cl.exe
CPP_PROJ=/nologo /ML /W3 /GX /O2 /D "WIN32" /D "NDEBUG" /D "_CONSOLE" /D\
 "_MBCS" /Fp"$(INTDIR)\LgSincroAccShM.pch" /YX /Fo"$(INTDIR)\\" /Fd"$(INTDIR)\\"\
 /FD /c 
CPP_OBJS=.\Release/
CPP_SBRS=.

.c{$(CPP_OBJS)}.obj::
   $(CPP) @<<
   $(CPP_PROJ) $< 
<<

.cpp{$(CPP_OBJS)}.obj::
   $(CPP) @<<
   $(CPP_PROJ) $< 
<<

.cxx{$(CPP_OBJS)}.obj::
   $(CPP) @<<
   $(CPP_PROJ) $< 
<<

.c{$(CPP_SBRS)}.sbr::
   $(CPP) @<<
   $(CPP_PROJ) $< 
<<

.cpp{$(CPP_SBRS)}.sbr::
   $(CPP) @<<
   $(CPP_PROJ) $< 
<<

.cxx{$(CPP_SBRS)}.sbr::
   $(CPP) @<<
   $(CPP_PROJ) $< 
<<

RSC=rc.exe
BSC32=bscmake.exe
BSC32_FLAGS=/nologo /o"$(OUTDIR)\LgSincroAccShM.bsc" 
BSC32_SBRS= \
	
LINK32=link.exe
LINK32_FLAGS=kernel32.lib user32.lib gdi32.lib winspool.lib comdlg32.lib\
 advapi32.lib shell32.lib ole32.lib oleaut32.lib uuid.lib odbc32.lib\
 odbccp32.lib /nologo /subsystem:console /incremental:no\
 /pdb:"$(OUTDIR)\LgSincroAccShM.pdb" /machine:I386\
 /out:"$(OUTDIR)\LgSincroAccShM.exe" 
LINK32_OBJS= \
	"$(INTDIR)\LgSincroAccShM.obj"

"$(OUTDIR)\LgSincroAccShM.exe" : "$(OUTDIR)" $(DEF_FILE) $(LINK32_OBJS)
    $(LINK32) @<<
  $(LINK32_FLAGS) $(LINK32_OBJS)
<<

!ELSEIF  "$(CFG)" == "LgSincroAccShM - Win32 Debug"

OUTDIR=.\Debug
INTDIR=.\Debug
# Begin Custom Macros
OutDir=.\Debug
# End Custom Macros

!IF "$(RECURSE)" == "0" 

ALL : "$(OUTDIR)\LgSincroAccShM.exe"

!ELSE 

ALL : "$(OUTDIR)\LgSincroAccShM.exe"

!ENDIF 

CLEAN :
	-@erase "$(INTDIR)\LgSincroAccShM.obj"
	-@erase "$(INTDIR)\vc50.idb"
	-@erase "$(INTDIR)\vc50.pdb"
	-@erase "$(OUTDIR)\LgSincroAccShM.exe"
	-@erase "$(OUTDIR)\LgSincroAccShM.ilk"
	-@erase "$(OUTDIR)\LgSincroAccShM.pdb"

"$(OUTDIR)" :
    if not exist "$(OUTDIR)/$(NULL)" mkdir "$(OUTDIR)"

CPP=cl.exe
CPP_PROJ=/nologo /MLd /W3 /Gm /GX /Zi /Od /D "WIN32" /D "_DEBUG" /D "_CONSOLE"\
 /D "_MBCS" /Fp"$(INTDIR)\LgSincroAccShM.pch" /YX /Fo"$(INTDIR)\\"\
 /Fd"$(INTDIR)\\" /FD /c 
CPP_OBJS=.\Debug/
CPP_SBRS=.

.c{$(CPP_OBJS)}.obj::
   $(CPP) @<<
   $(CPP_PROJ) $< 
<<

.cpp{$(CPP_OBJS)}.obj::
   $(CPP) @<<
   $(CPP_PROJ) $< 
<<

.cxx{$(CPP_OBJS)}.obj::
   $(CPP) @<<
   $(CPP_PROJ) $< 
<<

.c{$(CPP_SBRS)}.sbr::
   $(CPP) @<<
   $(CPP_PROJ) $< 
<<

.cpp{$(CPP_SBRS)}.sbr::
   $(CPP) @<<
   $(CPP_PROJ) $< 
<<

.cxx{$(CPP_SBRS)}.sbr::
   $(CPP) @<<
   $(CPP_PROJ) $< 
<<

RSC=rc.exe
BSC32=bscmake.exe
BSC32_FLAGS=/nologo /o"$(OUTDIR)\LgSincroAccShM.bsc" 
BSC32_SBRS= \
	
LINK32=link.exe
LINK32_FLAGS=kernel32.lib user32.lib gdi32.lib winspool.lib comdlg32.lib\
 advapi32.lib shell32.lib ole32.lib oleaut32.lib uuid.lib odbc32.lib\
 odbccp32.lib /nologo /subsystem:console /incremental:yes\
 /pdb:"$(OUTDIR)\LgSincroAccShM.pdb" /debug /machine:I386\
 /out:"$(OUTDIR)\LgSincroAccShM.exe" /pdbtype:sept 
LINK32_OBJS= \
	"$(INTDIR)\LgSincroAccShM.obj"

"$(OUTDIR)\LgSincroAccShM.exe" : "$(OUTDIR)" $(DEF_FILE) $(LINK32_OBJS)
    $(LINK32) @<<
  $(LINK32_FLAGS) $(LINK32_OBJS)
<<

!ENDIF 


!IF "$(CFG)" == "LgSincroAccShM - Win32 Release" || "$(CFG)" ==\
 "LgSincroAccShM - Win32 Debug"
SOURCE=.\LgSincroAccShM.c
DEP_CPP_LGSIN=\
	".\LgShared.h"\
	

"$(INTDIR)\LgSincroAccShM.obj" : $(SOURCE) $(DEP_CPP_LGSIN) "$(INTDIR)"



!ENDIF 


# ******* Telelogic expanded section *******

# make_macros from project "Alg_legopc-2007A1_RHE4_lomgr
#CFLAGS = -g -Wall
F_FLAGS=-fno-second-underscore -g -fno-automatic -finit-local-zero
CFLAGS = -Wall -DLinux
CC = gcc
