#
# This makefile was expanded from grafics.mak-1 by Telelogic.
# Expanded macros and dependencies may be found at the
# end of this file
#

# Microsoft Developer Studio Generated NMAKE File, Based on Grafics.dsp
!IF "$(CFG)" == ""
CFG=Grafics - Win32 Debug
!MESSAGE No configuration specified. Defaulting to Grafics - Win32 Debug.
!ENDIF 

!IF "$(CFG)" != "Grafics - Win32 Release" && "$(CFG)" !=\
 "Grafics - Win32 Debug"
!MESSAGE Invalid configuration "$(CFG)" specified.
!MESSAGE You can specify a configuration when running NMAKE
!MESSAGE by defining the macro CFG on the command line. For example:
!MESSAGE 
!MESSAGE NMAKE /f "Grafics.mak" CFG="Grafics - Win32 Debug"
!MESSAGE 
!MESSAGE Possible choices for configuration are:
!MESSAGE 
!MESSAGE "Grafics - Win32 Release" (based on "Win32 (x86) Application")
!MESSAGE "Grafics - Win32 Debug" (based on "Win32 (x86) Application")
!MESSAGE 
!ERROR An invalid configuration is specified.
!ENDIF 

!IF "$(OS)" == "Windows_NT"
NULL=
!ELSE 
NULL=nul
!ENDIF 

!IF  "$(CFG)" == "Grafics - Win32 Release"

OUTDIR=.\Release
INTDIR=.\Release
# Begin Custom Macros
OutDir=.\Release
# End Custom Macros

!IF "$(RECURSE)" == "0" 

ALL : "$(OUTDIR)\Grafics.exe"

!ELSE 

ALL : "$(OUTDIR)\Grafics.exe"

!ENDIF 

CLEAN :
	-@erase "$(INTDIR)\Grafic1.obj"
	-@erase "$(INTDIR)\Grafics.obj"
	-@erase "$(INTDIR)\grafics.res"
	-@erase "$(INTDIR)\vc50.idb"
	-@erase "$(OUTDIR)\Grafics.exe"

"$(OUTDIR)" :
    if not exist "$(OUTDIR)/$(NULL)" mkdir "$(OUTDIR)"

CPP=cl.exe
CPP_PROJ=/nologo /ML /W3 /GX /O2 /D "WIN32" /D "NDEBUG" /D "_WINDOWS"\
 /Fp"$(INTDIR)\Grafics.pch" /YX /Fo"$(INTDIR)\\" /Fd"$(INTDIR)\\" /FD /c 
CPP_OBJS=.\Release/
CPP_SBRS=.

.c{$(CPP_OBJS)}.obj::
   $(CPP) @<<
   $(CPP_PROJ) $< 
<<

.cpp{$(CPP_OBJS)}.obj::
   $(CPP) @<<
   $(CPP_PROJ) $< 
<<

.cxx{$(CPP_OBJS)}.obj::
   $(CPP) @<<
   $(CPP_PROJ) $< 
<<

.c{$(CPP_SBRS)}.sbr::
   $(CPP) @<<
   $(CPP_PROJ) $< 
<<

.cpp{$(CPP_SBRS)}.sbr::
   $(CPP) @<<
   $(CPP_PROJ) $< 
<<

.cxx{$(CPP_SBRS)}.sbr::
   $(CPP) @<<
   $(CPP_PROJ) $< 
<<

MTL=midl.exe
MTL_PROJ=/nologo /D "NDEBUG" /mktyplib203 /o NUL /win32 
RSC=rc.exe
RSC_PROJ=/l 0x410 /fo"$(INTDIR)\grafics.res" /d "NDEBUG" 
BSC32=bscmake.exe
BSC32_FLAGS=/nologo /o"$(OUTDIR)\Grafics.bsc" 
BSC32_SBRS= \
	
LINK32=link.exe
LINK32_FLAGS=kernel32.lib user32.lib gdi32.lib winspool.lib comdlg32.lib\
 advapi32.lib shell32.lib ole32.lib oleaut32.lib uuid.lib odbc32.lib\
 odbccp32.lib /nologo /subsystem:windows /incremental:no\
 /pdb:"$(OUTDIR)\Grafics.pdb" /machine:I386 /out:"$(OUTDIR)\Grafics.exe" 
LINK32_OBJS= \
	"$(INTDIR)\Grafic1.obj" \
	"$(INTDIR)\Grafics.obj" \
	"$(INTDIR)\grafics.res"

"$(OUTDIR)\Grafics.exe" : "$(OUTDIR)" $(DEF_FILE) $(LINK32_OBJS)
    $(LINK32) @<<
  $(LINK32_FLAGS) $(LINK32_OBJS)
<<

!ELSEIF  "$(CFG)" == "Grafics - Win32 Debug"

OUTDIR=.\Debug
INTDIR=.\Debug
# Begin Custom Macros
OutDir=.\Debug
# End Custom Macros

!IF "$(RECURSE)" == "0" 

ALL : "$(OUTDIR)\Grafics.exe"

!ELSE 

ALL : "$(OUTDIR)\Grafics.exe"

!ENDIF 

CLEAN :
	-@erase "$(INTDIR)\Grafic1.obj"
	-@erase "$(INTDIR)\Grafics.obj"
	-@erase "$(INTDIR)\grafics.res"
	-@erase "$(INTDIR)\vc50.idb"
	-@erase "$(INTDIR)\vc50.pdb"
	-@erase "$(OUTDIR)\Grafics.exe"
	-@erase "$(OUTDIR)\Grafics.ilk"
	-@erase "$(OUTDIR)\Grafics.pdb"

"$(OUTDIR)" :
    if not exist "$(OUTDIR)/$(NULL)" mkdir "$(OUTDIR)"

CPP=cl.exe
CPP_PROJ=/nologo /MLd /W3 /Gm /GX /Zi /Od /D "WIN32" /D "_DEBUG" /D "_WINDOWS"\
 /Fp"$(INTDIR)\Grafics.pch" /YX /Fo"$(INTDIR)\\" /Fd"$(INTDIR)\\" /FD /c 
CPP_OBJS=.\Debug/
CPP_SBRS=.

.c{$(CPP_OBJS)}.obj::
   $(CPP) @<<
   $(CPP_PROJ) $< 
<<

.cpp{$(CPP_OBJS)}.obj::
   $(CPP) @<<
   $(CPP_PROJ) $< 
<<

.cxx{$(CPP_OBJS)}.obj::
   $(CPP) @<<
   $(CPP_PROJ) $< 
<<

.c{$(CPP_SBRS)}.sbr::
   $(CPP) @<<
   $(CPP_PROJ) $< 
<<

.cpp{$(CPP_SBRS)}.sbr::
   $(CPP) @<<
   $(CPP_PROJ) $< 
<<

.cxx{$(CPP_SBRS)}.sbr::
   $(CPP) @<<
   $(CPP_PROJ) $< 
<<

MTL=midl.exe
MTL_PROJ=/nologo /D "_DEBUG" /mktyplib203 /o NUL /win32 
RSC=rc.exe
RSC_PROJ=/l 0x410 /fo"$(INTDIR)\grafics.res" /d "_DEBUG" 
BSC32=bscmake.exe
BSC32_FLAGS=/nologo /o"$(OUTDIR)\Grafics.bsc" 
BSC32_SBRS= \
	
LINK32=link.exe
LINK32_FLAGS=kernel32.lib user32.lib gdi32.lib winspool.lib comdlg32.lib\
 advapi32.lib shell32.lib ole32.lib oleaut32.lib uuid.lib odbc32.lib\
 odbccp32.lib /nologo /subsystem:windows /incremental:yes\
 /pdb:"$(OUTDIR)\Grafics.pdb" /debug /machine:I386 /out:"$(OUTDIR)\Grafics.exe"\
 /pdbtype:sept 
LINK32_OBJS= \
	"$(INTDIR)\Grafic1.obj" \
	"$(INTDIR)\Grafics.obj" \
	"$(INTDIR)\grafics.res"

"$(OUTDIR)\Grafics.exe" : "$(OUTDIR)" $(DEF_FILE) $(LINK32_OBJS)
    $(LINK32) @<<
  $(LINK32_FLAGS) $(LINK32_OBJS)
<<

!ENDIF 


!IF "$(CFG)" == "Grafics - Win32 Release" || "$(CFG)" ==\
 "Grafics - Win32 Debug"
SOURCE=.\Grafic1.c
DEP_CPP_GRAFI=\
	".\Definit.h"\
	

"$(INTDIR)\Grafic1.obj" : $(SOURCE) $(DEP_CPP_GRAFI) "$(INTDIR)"


SOURCE=.\Grafics.c
DEP_CPP_GRAFIC=\
	".\Definit.h"\
	

"$(INTDIR)\Grafics.obj" : $(SOURCE) $(DEP_CPP_GRAFIC) "$(INTDIR)"


SOURCE=.\grafics.rc
DEP_RSC_GRAFICS=\
	".\grafica.bmp"\
	".\GRAFICS.ICO"\
	

"$(INTDIR)\grafics.res" : $(SOURCE) $(DEP_RSC_GRAFICS) "$(INTDIR)"
	$(RSC) $(RSC_PROJ) $(SOURCE)



!ENDIF 


# ******* Telelogic expanded section *******

# make_macros from project "Alg_legopc-2007A1_RHE4_lomgr
#CFLAGS = -g -Wall
F_FLAGS=-fno-second-underscore -g -fno-automatic -finit-local-zero
CFLAGS = -Wall -DLinux
CC = gcc
