#
# This makefile was expanded from Makefile.mk-3 by Telelogic.
# Expanded macros and dependencies may be found at the
# end of this file
#

#
#       Makefile Header:               Makefile.mk
#       Subsystem:              141
#       Description:
#       %created_by:    lomgr %
#       %date_created:  Tue Jun  1 14:23:39 1999 %
CFLAGSINCLUDE = -I$(LEGOROOT_INCLUDE) -I$(LEGORT_INCLUDE) -D$(OS) \
		$(VERSIONE) $(C_FLAGS)  -I$(LEGOROOT_LIB)

LIBUTIL =  $(LEGOROOT_LIB)/libRt.a $(LEGORT_LIB)/libsim.a \
	   $(LEGOROOT_LIB)/libutil.a

LIBSVIL = $(X_LIB)

SORGENTI = ns_main.c ns_backtrack.c ns_f22.c ns_func.c ns_funcother.c \
           ns_pert.c

OGGETTI  = ns_main.o ns_backtrack.o ns_f22.o ns_func.o ns_funcother.o \
           ns_pert.o

CFLAGS=$(CFLAGSINCLUDE)

all:  $(LEGORT_BIN)/nsession $(LEGORT_BIN)/f22_to_ascii

$(LEGORT_BIN)/nsession: $(OGGETTI) $(LIBUTIL)
	cc -g -o $(LEGORT_BIN)/nsession $(LINKER_OPTIONS) $(OGGETTI) \
        $(LIBSVIL) $(LIBUTIL) $(C_LIB) $(OTHER_LIB) $(F_LIB)
$(LEGORT_BIN)/f22_to_ascii: f22_to_ascii.sh
	cp f22_to_ascii.sh $(LEGORT_BIN)/f22_to_ascii
	chmod a+x $(LEGORT_BIN)/f22_to_ascii

# ******* Telelogic expanded section *******

# make_macros from makefile "Makefile.mk-3"
LEGORT_LIB=../../AlgLib
LEGOROOT_LIB=../../AlgLib
LEGOROOT_INCLUDE=../../AlgLib/libinclude
LEGORT_INCLUDE=../../include
LEGORT_BIN=../../bin
LEGORT_UID=../../uid

# make_macros from project "Alg_rt-2007A1_RHE4_lomgr
GUI_BUILD=/usr/bin/aic
OS=LINUX
X_LIB=-L/usr/X11R6/lib -lMrm -lXm -lXt -lX11 -g
SQLITE_LIB=-L$(LEGOROOT_LIB)/sqlite_lib
X_INCLUDE=-I.  -I../ -I$(LEGOROOT_LIB)/dcethreads_include -I/usr/local/include -I$(LEGOROOT_LIB)/sqlite_include  -I/usr/include -I/usr/include/uil -I/usr/include/Xt -I/usr/include/lib
C_FLAGS=-g -D_BSD -DLINUX -D_NO_PROTO -DXOPEN_CATALOG -DUNIX -Dmmap=_mmap_32_ -I. -I/usr/local/include -I$(LEGOROOT_LIB)/sqlite_include  -I/usr/include -L$(LEGOROOT_LIB)/sqlite_lib  
VERSIONE=-DBANCO_MANOVRA -DSCADA -DBACKTRACK -DF22_APPEND -DSNAP_PIAC -DPIACENZA -DREPLAY -DMFFR -DSAVEPERT -DMOTIF
UIL_INCLUDE=-I/usr/include/uil
UIL_COMPILER=/usr/bin/X11/uil
THREAD_LIB=-L$(LEGOROOT_LIB)/dcethreads_lib -ldcethreads -ldl
X_FLAGS=-c -D_NO_PROTO -DSNAPSHOT
F_FLAGS=-lfor
F_LIB=
MOTIF_VER=11
C_LIB=
OTHER_LIB=-lm
MOTIF_VER=11
