#
# This makefile was expanded from lgsincro.mak-1 by Telelogic.
# Expanded macros and dependencies may be found at the
# end of this file
#

# Microsoft Developer Studio Generated NMAKE File, Based on LgSincro.dsp
!IF "$(CFG)" == ""
CFG=LgSincro - Win32 Debug
!MESSAGE No configuration specified. Defaulting to LgSincro - Win32 Debug.
!ENDIF 

!IF "$(CFG)" != "LgSincro - Win32 Release" && "$(CFG)" !=\
 "LgSincro - Win32 Debug"
!MESSAGE Invalid configuration "$(CFG)" specified.
!MESSAGE You can specify a configuration when running NMAKE
!MESSAGE by defining the macro CFG on the command line. For example:
!MESSAGE 
!MESSAGE NMAKE /f "LgSincro.mak" CFG="LgSincro - Win32 Debug"
!MESSAGE 
!MESSAGE Possible choices for configuration are:
!MESSAGE 
!MESSAGE "LgSincro - Win32 Release" (based on "Win32 (x86) Application")
!MESSAGE "LgSincro - Win32 Debug" (based on "Win32 (x86) Application")
!MESSAGE 
!ERROR An invalid configuration is specified.
!ENDIF 

!IF "$(OS)" == "Windows_NT"
NULL=
!ELSE 
NULL=nul
!ENDIF 

!IF  "$(CFG)" == "LgSincro - Win32 Release"

OUTDIR=.\Release
INTDIR=.\Release
# Begin Custom Macros
OutDir=.\Release
# End Custom Macros

!IF "$(RECURSE)" == "0" 

ALL : "$(OUTDIR)\LgSincro.exe" "$(OUTDIR)\LgSincro.bsc"

!ELSE 

ALL : "$(OUTDIR)\LgSincro.exe" "$(OUTDIR)\LgSincro.bsc"

!ENDIF 

CLEAN :
	-@erase "$(INTDIR)\LgSincro.obj"
	-@erase "$(INTDIR)\LgSincro.pch"
	-@erase "$(INTDIR)\LgSincro.res"
	-@erase "$(INTDIR)\LgSincro.sbr"
	-@erase "$(INTDIR)\LgSincroDlg.obj"
	-@erase "$(INTDIR)\LgSincroDlg.sbr"
	-@erase "$(INTDIR)\MonitorDlg.obj"
	-@erase "$(INTDIR)\MonitorDlg.sbr"
	-@erase "$(INTDIR)\NomeSnap.obj"
	-@erase "$(INTDIR)\NomeSnap.sbr"
	-@erase "$(INTDIR)\OptGrafDlg.obj"
	-@erase "$(INTDIR)\OptGrafDlg.sbr"
	-@erase "$(INTDIR)\PertDlg.obj"
	-@erase "$(INTDIR)\PertDlg.sbr"
	-@erase "$(INTDIR)\SceltaDlg.obj"
	-@erase "$(INTDIR)\SceltaDlg.sbr"
	-@erase "$(INTDIR)\StdAfx.obj"
	-@erase "$(INTDIR)\StdAfx.sbr"
	-@erase "$(INTDIR)\vc50.idb"
	-@erase "$(OUTDIR)\LgSincro.bsc"
	-@erase "$(OUTDIR)\LgSincro.exe"

"$(OUTDIR)" :
    if not exist "$(OUTDIR)/$(NULL)" mkdir "$(OUTDIR)"

CPP=cl.exe
CPP_PROJ=/nologo /MT /W3 /GX /O2 /D "WIN32" /D "NDEBUG" /D "_WINDOWS" /D\
 "_MBCS" /FR"$(INTDIR)\\" /Fp"$(INTDIR)\LgSincro.pch" /Yu"stdafx.h"\
 /Fo"$(INTDIR)\\" /Fd"$(INTDIR)\\" /FD /c 
CPP_OBJS=.\Release/
CPP_SBRS=.\Release/

.c{$(CPP_OBJS)}.obj::
   $(CPP) @<<
   $(CPP_PROJ) $< 
<<

.cpp{$(CPP_OBJS)}.obj::
   $(CPP) @<<
   $(CPP_PROJ) $< 
<<

.cxx{$(CPP_OBJS)}.obj::
   $(CPP) @<<
   $(CPP_PROJ) $< 
<<

.c{$(CPP_SBRS)}.sbr::
   $(CPP) @<<
   $(CPP_PROJ) $< 
<<

.cpp{$(CPP_SBRS)}.sbr::
   $(CPP) @<<
   $(CPP_PROJ) $< 
<<

.cxx{$(CPP_SBRS)}.sbr::
   $(CPP) @<<
   $(CPP_PROJ) $< 
<<

MTL=midl.exe
MTL_PROJ=/nologo /D "NDEBUG" /mktyplib203 /win32 
RSC=rc.exe
RSC_PROJ=/l 0x410 /fo"$(INTDIR)\LgSincro.res" /d "NDEBUG" 
BSC32=bscmake.exe
BSC32_FLAGS=/nologo /o"$(OUTDIR)\LgSincro.bsc" 
BSC32_SBRS= \
	"$(INTDIR)\LgSincro.sbr" \
	"$(INTDIR)\LgSincroDlg.sbr" \
	"$(INTDIR)\MonitorDlg.sbr" \
	"$(INTDIR)\NomeSnap.sbr" \
	"$(INTDIR)\OptGrafDlg.sbr" \
	"$(INTDIR)\PertDlg.sbr" \
	"$(INTDIR)\SceltaDlg.sbr" \
	"$(INTDIR)\StdAfx.sbr"

"$(OUTDIR)\LgSincro.bsc" : "$(OUTDIR)" $(BSC32_SBRS)
    $(BSC32) @<<
  $(BSC32_FLAGS) $(BSC32_SBRS)
<<

LINK32=link.exe
LINK32_FLAGS=winmm.lib /nologo /subsystem:windows /incremental:no\
 /pdb:"$(OUTDIR)\LgSincro.pdb" /machine:I386 /out:"$(OUTDIR)\LgSincro.exe" 
LINK32_OBJS= \
	"$(INTDIR)\LgSincro.obj" \
	"$(INTDIR)\LgSincro.res" \
	"$(INTDIR)\LgSincroDlg.obj" \
	"$(INTDIR)\MonitorDlg.obj" \
	"$(INTDIR)\NomeSnap.obj" \
	"$(INTDIR)\OptGrafDlg.obj" \
	"$(INTDIR)\PertDlg.obj" \
	"$(INTDIR)\SceltaDlg.obj" \
	"$(INTDIR)\StdAfx.obj"

"$(OUTDIR)\LgSincro.exe" : "$(OUTDIR)" $(DEF_FILE) $(LINK32_OBJS)
    $(LINK32) @<<
  $(LINK32_FLAGS) $(LINK32_OBJS)
<<

!ELSEIF  "$(CFG)" == "LgSincro - Win32 Debug"

OUTDIR=.\Debug
INTDIR=.\Debug
# Begin Custom Macros
OutDir=.\Debug
# End Custom Macros

!IF "$(RECURSE)" == "0" 

ALL : "$(OUTDIR)\LgSincro.exe" "$(OUTDIR)\LgSincro.bsc"

!ELSE 

ALL : "$(OUTDIR)\LgSincro.exe" "$(OUTDIR)\LgSincro.bsc"

!ENDIF 

CLEAN :
	-@erase "$(INTDIR)\LgSincro.obj"
	-@erase "$(INTDIR)\LgSincro.pch"
	-@erase "$(INTDIR)\LgSincro.res"
	-@erase "$(INTDIR)\LgSincro.sbr"
	-@erase "$(INTDIR)\LgSincroDlg.obj"
	-@erase "$(INTDIR)\LgSincroDlg.sbr"
	-@erase "$(INTDIR)\MonitorDlg.obj"
	-@erase "$(INTDIR)\MonitorDlg.sbr"
	-@erase "$(INTDIR)\NomeSnap.obj"
	-@erase "$(INTDIR)\NomeSnap.sbr"
	-@erase "$(INTDIR)\OptGrafDlg.obj"
	-@erase "$(INTDIR)\OptGrafDlg.sbr"
	-@erase "$(INTDIR)\PertDlg.obj"
	-@erase "$(INTDIR)\PertDlg.sbr"
	-@erase "$(INTDIR)\SceltaDlg.obj"
	-@erase "$(INTDIR)\SceltaDlg.sbr"
	-@erase "$(INTDIR)\StdAfx.obj"
	-@erase "$(INTDIR)\StdAfx.sbr"
	-@erase "$(INTDIR)\vc50.idb"
	-@erase "$(OUTDIR)\LgSincro.bsc"
	-@erase "$(OUTDIR)\LgSincro.exe"
	-@erase "$(OUTDIR)\LgSincro.ilk"
	-@erase "$(OUTDIR)\LgSincro.pdb"

"$(OUTDIR)" :
    if not exist "$(OUTDIR)/$(NULL)" mkdir "$(OUTDIR)"

CPP=cl.exe
CPP_PROJ=/nologo /MTd /W3 /GX /Od /D "WIN32" /D "_DEBUG" /D "_WINDOWS" /D\
 "_MBCS" /FR"$(INTDIR)\\" /Fp"$(INTDIR)\LgSincro.pch" /Yu"stdafx.h"\
 /Fo"$(INTDIR)\\" /Fd"$(INTDIR)\\" /FD /c 
CPP_OBJS=.\Debug/
CPP_SBRS=.\Debug/

.c{$(CPP_OBJS)}.obj::
   $(CPP) @<<
   $(CPP_PROJ) $< 
<<

.cpp{$(CPP_OBJS)}.obj::
   $(CPP) @<<
   $(CPP_PROJ) $< 
<<

.cxx{$(CPP_OBJS)}.obj::
   $(CPP) @<<
   $(CPP_PROJ) $< 
<<

.c{$(CPP_SBRS)}.sbr::
   $(CPP) @<<
   $(CPP_PROJ) $< 
<<

.cpp{$(CPP_SBRS)}.sbr::
   $(CPP) @<<
   $(CPP_PROJ) $< 
<<

.cxx{$(CPP_SBRS)}.sbr::
   $(CPP) @<<
   $(CPP_PROJ) $< 
<<

MTL=midl.exe
MTL_PROJ=/nologo /D "_DEBUG" /mktyplib203 /win32 
RSC=rc.exe
RSC_PROJ=/l 0x410 /fo"$(INTDIR)\LgSincro.res" /d "_DEBUG" 
BSC32=bscmake.exe
BSC32_FLAGS=/nologo /o"$(OUTDIR)\LgSincro.bsc" 
BSC32_SBRS= \
	"$(INTDIR)\LgSincro.sbr" \
	"$(INTDIR)\LgSincroDlg.sbr" \
	"$(INTDIR)\MonitorDlg.sbr" \
	"$(INTDIR)\NomeSnap.sbr" \
	"$(INTDIR)\OptGrafDlg.sbr" \
	"$(INTDIR)\PertDlg.sbr" \
	"$(INTDIR)\SceltaDlg.sbr" \
	"$(INTDIR)\StdAfx.sbr"

"$(OUTDIR)\LgSincro.bsc" : "$(OUTDIR)" $(BSC32_SBRS)
    $(BSC32) @<<
  $(BSC32_FLAGS) $(BSC32_SBRS)
<<

LINK32=link.exe
LINK32_FLAGS=winmm.lib /nologo /subsystem:windows /incremental:yes\
 /pdb:"$(OUTDIR)\LgSincro.pdb" /debug /machine:I386\
 /out:"$(OUTDIR)\LgSincro.exe" /pdbtype:sept 
LINK32_OBJS= \
	"$(INTDIR)\LgSincro.obj" \
	"$(INTDIR)\LgSincro.res" \
	"$(INTDIR)\LgSincroDlg.obj" \
	"$(INTDIR)\MonitorDlg.obj" \
	"$(INTDIR)\NomeSnap.obj" \
	"$(INTDIR)\OptGrafDlg.obj" \
	"$(INTDIR)\PertDlg.obj" \
	"$(INTDIR)\SceltaDlg.obj" \
	"$(INTDIR)\StdAfx.obj"

"$(OUTDIR)\LgSincro.exe" : "$(OUTDIR)" $(DEF_FILE) $(LINK32_OBJS)
    $(LINK32) @<<
  $(LINK32_FLAGS) $(LINK32_OBJS)
<<

!ENDIF 


!IF "$(CFG)" == "LgSincro - Win32 Release" || "$(CFG)" ==\
 "LgSincro - Win32 Debug"
SOURCE=.\LgSincro.cpp

!IF  "$(CFG)" == "LgSincro - Win32 Release"

DEP_CPP_LGSIN=\
	".\LgSincro.h"\
	".\LgSincroDlg.h"\
	".\PertDlg.h"\
	".\SceltaDlg.h"\
	

"$(INTDIR)\LgSincro.obj"	"$(INTDIR)\LgSincro.sbr" : $(SOURCE) $(DEP_CPP_LGSIN)\
 "$(INTDIR)" "$(INTDIR)\LgSincro.pch"


!ELSEIF  "$(CFG)" == "LgSincro - Win32 Debug"

DEP_CPP_LGSIN=\
	".\LgSincro.h"\
	".\LgSincroDlg.h"\
	".\PertDlg.h"\
	".\SceltaDlg.h"\
	

"$(INTDIR)\LgSincro.obj"	"$(INTDIR)\LgSincro.sbr" : $(SOURCE) $(DEP_CPP_LGSIN)\
 "$(INTDIR)" "$(INTDIR)\LgSincro.pch"


!ENDIF 

SOURCE=.\LgSincro.rc
DEP_RSC_LGSINC=\
	".\res\ico00001.ico"\
	".\res\ico00002.ico"\
	".\res\ico00003.ico"\
	".\res\ico00004.ico"\
	".\res\ico00005.ico"\
	".\res\ico00006.ico"\
	".\res\icon1.ico"\
	".\res\icon2.ico"\
	".\res\icon3.ico"\
	".\res\icon4.ico"\
	".\res\icon5.ico"\
	".\res\LgSincro.ico"\
	".\res\LgSincro.rc2"\
	".\res\pert1.ico"\
	".\res\srun.ico"\
	

"$(INTDIR)\LgSincro.res" : $(SOURCE) $(DEP_RSC_LGSINC) "$(INTDIR)"
	$(RSC) $(RSC_PROJ) $(SOURCE)


SOURCE=.\LgSincroDlg.cpp

!IF  "$(CFG)" == "LgSincro - Win32 Release"

DEP_CPP_LGSINCR=\
	".\LgShared.h"\
	".\Lgsin.h"\
	".\LgSincro.h"\
	".\LgSincroDlg.h"\
	".\MonitorDlg.h"\
	".\NomeSnap.h"\
	".\OptGrafDlg.h"\
	".\PertDlg.h"\
	".\SceltaDlg.h"\
	

"$(INTDIR)\LgSincroDlg.obj"	"$(INTDIR)\LgSincroDlg.sbr" : $(SOURCE)\
 $(DEP_CPP_LGSINCR) "$(INTDIR)" "$(INTDIR)\LgSincro.pch"


!ELSEIF  "$(CFG)" == "LgSincro - Win32 Debug"

DEP_CPP_LGSINCR=\
	".\LgShared.h"\
	".\Lgsin.h"\
	".\LgSincro.h"\
	".\LgSincroDlg.h"\
	".\MonitorDlg.h"\
	".\NomeSnap.h"\
	".\OptGrafDlg.h"\
	".\PertDlg.h"\
	".\SceltaDlg.h"\
	

"$(INTDIR)\LgSincroDlg.obj"	"$(INTDIR)\LgSincroDlg.sbr" : $(SOURCE)\
 $(DEP_CPP_LGSINCR) "$(INTDIR)" "$(INTDIR)\LgSincro.pch"


!ENDIF 

SOURCE=.\MonitorDlg.cpp

!IF  "$(CFG)" == "LgSincro - Win32 Release"

DEP_CPP_MONIT=\
	".\LgShared.h"\
	".\LgSincro.h"\
	".\LgSincroDlg.h"\
	".\MonitorDlg.h"\
	".\PertDlg.h"\
	".\SceltaDlg.h"\
	

"$(INTDIR)\MonitorDlg.obj"	"$(INTDIR)\MonitorDlg.sbr" : $(SOURCE)\
 $(DEP_CPP_MONIT) "$(INTDIR)" "$(INTDIR)\LgSincro.pch"


!ELSEIF  "$(CFG)" == "LgSincro - Win32 Debug"

DEP_CPP_MONIT=\
	".\LgShared.h"\
	".\LgSincro.h"\
	".\LgSincroDlg.h"\
	".\MonitorDlg.h"\
	".\PertDlg.h"\
	".\SceltaDlg.h"\
	

"$(INTDIR)\MonitorDlg.obj"	"$(INTDIR)\MonitorDlg.sbr" : $(SOURCE)\
 $(DEP_CPP_MONIT) "$(INTDIR)" "$(INTDIR)\LgSincro.pch"


!ENDIF 

SOURCE=.\NomeSnap.cpp

!IF  "$(CFG)" == "LgSincro - Win32 Release"

DEP_CPP_NOMES=\
	".\LgSincro.h"\
	".\NomeSnap.h"\
	

"$(INTDIR)\NomeSnap.obj"	"$(INTDIR)\NomeSnap.sbr" : $(SOURCE) $(DEP_CPP_NOMES)\
 "$(INTDIR)" "$(INTDIR)\LgSincro.pch"


!ELSEIF  "$(CFG)" == "LgSincro - Win32 Debug"

DEP_CPP_NOMES=\
	".\LgSincro.h"\
	".\NomeSnap.h"\
	

"$(INTDIR)\NomeSnap.obj"	"$(INTDIR)\NomeSnap.sbr" : $(SOURCE) $(DEP_CPP_NOMES)\
 "$(INTDIR)" "$(INTDIR)\LgSincro.pch"


!ENDIF 

SOURCE=.\OptGrafDlg.cpp

!IF  "$(CFG)" == "LgSincro - Win32 Release"

DEP_CPP_OPTGR=\
	".\LgSincro.h"\
	".\OptGrafDlg.h"\
	

"$(INTDIR)\OptGrafDlg.obj"	"$(INTDIR)\OptGrafDlg.sbr" : $(SOURCE)\
 $(DEP_CPP_OPTGR) "$(INTDIR)" "$(INTDIR)\LgSincro.pch"


!ELSEIF  "$(CFG)" == "LgSincro - Win32 Debug"

DEP_CPP_OPTGR=\
	".\LgSincro.h"\
	".\OptGrafDlg.h"\
	

"$(INTDIR)\OptGrafDlg.obj"	"$(INTDIR)\OptGrafDlg.sbr" : $(SOURCE)\
 $(DEP_CPP_OPTGR) "$(INTDIR)" "$(INTDIR)\LgSincro.pch"


!ENDIF 

SOURCE=.\PertDlg.cpp

!IF  "$(CFG)" == "LgSincro - Win32 Release"

DEP_CPP_PERTD=\
	".\LgShared.h"\
	".\LgSincro.h"\
	".\LgSincroDlg.h"\
	".\MonitorDlg.h"\
	".\PertDlg.h"\
	".\SceltaDlg.h"\
	

"$(INTDIR)\PertDlg.obj"	"$(INTDIR)\PertDlg.sbr" : $(SOURCE) $(DEP_CPP_PERTD)\
 "$(INTDIR)" "$(INTDIR)\LgSincro.pch"


!ELSEIF  "$(CFG)" == "LgSincro - Win32 Debug"

DEP_CPP_PERTD=\
	".\LgShared.h"\
	".\LgSincro.h"\
	".\LgSincroDlg.h"\
	".\MonitorDlg.h"\
	".\PertDlg.h"\
	".\SceltaDlg.h"\
	

"$(INTDIR)\PertDlg.obj"	"$(INTDIR)\PertDlg.sbr" : $(SOURCE) $(DEP_CPP_PERTD)\
 "$(INTDIR)" "$(INTDIR)\LgSincro.pch"


!ENDIF 

SOURCE=.\SceltaDlg.cpp

!IF  "$(CFG)" == "LgSincro - Win32 Release"

DEP_CPP_SCELT=\
	".\LgShared.h"\
	".\LgSincro.h"\
	".\LgSincroDlg.h"\
	".\MonitorDlg.h"\
	".\PertDlg.h"\
	".\SceltaDlg.h"\
	

"$(INTDIR)\SceltaDlg.obj"	"$(INTDIR)\SceltaDlg.sbr" : $(SOURCE)\
 $(DEP_CPP_SCELT) "$(INTDIR)" "$(INTDIR)\LgSincro.pch"


!ELSEIF  "$(CFG)" == "LgSincro - Win32 Debug"

DEP_CPP_SCELT=\
	".\LgShared.h"\
	".\LgSincro.h"\
	".\LgSincroDlg.h"\
	".\MonitorDlg.h"\
	".\PertDlg.h"\
	".\SceltaDlg.h"\
	

"$(INTDIR)\SceltaDlg.obj"	"$(INTDIR)\SceltaDlg.sbr" : $(SOURCE)\
 $(DEP_CPP_SCELT) "$(INTDIR)" "$(INTDIR)\LgSincro.pch"


!ENDIF 

SOURCE=.\StdAfx.cpp
DEP_CPP_STDAF=\
	".\StdAfx.h"\
	

!IF  "$(CFG)" == "LgSincro - Win32 Release"

CPP_SWITCHES=/nologo /MT /W3 /GX /O2 /D "WIN32" /D "NDEBUG" /D "_WINDOWS" /D\
 "_MBCS" /FR"$(INTDIR)\\" /Fp"$(INTDIR)\LgSincro.pch" /Yc"stdafx.h"\
 /Fo"$(INTDIR)\\" /Fd"$(INTDIR)\\" /FD /c 

"$(INTDIR)\StdAfx.obj"	"$(INTDIR)\StdAfx.sbr"	"$(INTDIR)\LgSincro.pch" : \
$(SOURCE) $(DEP_CPP_STDAF) "$(INTDIR)"
	$(CPP) @<<
  $(CPP_SWITCHES) $(SOURCE)
<<


!ELSEIF  "$(CFG)" == "LgSincro - Win32 Debug"

CPP_SWITCHES=/nologo /MTd /W3 /GX /Od /D "WIN32" /D "_DEBUG" /D "_WINDOWS" /D\
 "_MBCS" /FR"$(INTDIR)\\" /Fp"$(INTDIR)\LgSincro.pch" /Yc"stdafx.h"\
 /Fo"$(INTDIR)\\" /Fd"$(INTDIR)\\" /FD /c 

"$(INTDIR)\StdAfx.obj"	"$(INTDIR)\StdAfx.sbr"	"$(INTDIR)\LgSincro.pch" : \
$(SOURCE) $(DEP_CPP_STDAF) "$(INTDIR)"
	$(CPP) @<<
  $(CPP_SWITCHES) $(SOURCE)
<<


!ENDIF 


!ENDIF 


# ******* Telelogic expanded section *******

# make_macros from project "Alg_legopc-2007A1_RHE4_lomgr
#CFLAGS = -g -Wall
F_FLAGS=-fno-second-underscore -g -fno-automatic -finit-local-zero
CFLAGS = -Wall -DLinux
CC = gcc
