#
# This makefile was expanded from Makefile.mk-3 by Telelogic.
# Expanded macros and dependencies may be found at the
# end of this file
#

#
#       Makefile Header:               Makefile.mk
#       Subsystem:              129
#       Description:
#       %created_by:    famgr %
#       %date_created:  Mon Sep  2 14:53:49 1996 %
#
#########################################################################

CLIBS= $(LEGORT_LIB)/libnet.a
CLIBINC= -I$(LEGORT_INCLUDE)
CFLAGS= $(C_FLAGS) $(CLIBINC)
all: $(LEGOCAD_BIN)/convf22

.c.o:
	$(CC) -c $(CFLAGS) $< -o $@

$(LEGOCAD_BIN)/convf22: convf22.o
	echo $(CFLAGS)
	$(CC) convf22.o  $(CFLAGS) $(CLIBS) -o $@


# ******* Telelogic expanded section *******

# make_macros from makefile "Makefile.mk-3"
LEGOCAD_BIN=../bin
LEGORT_INCLUDE=../AlgLib/libinclude
LEGORT_LIB=../AlgLib

# make_macros from project "legocad-2007A1_RHE4_lomgr
GUI_BUILD=/usr/bin/aic
OS=LINUX
X_LIB=-L/usr/X11R6/lib -lMrm -lXm -lXt -lX11
GCC_INCLUDE=
X_INCLUDE=-I. $(GCC_INCLUDE) 
#C_FLAGS=-g -D_BSD -DLINUX -D_NO_PROTO -DXOPEN_CATALOG -DUNIX -Dmmap=_mmap_32_ $(X_INCLUDE) 
C_FLAGS=-g -DDEBUG -D_BSD -DLINUX -D_NO_PROTO -DXOPEN_CATALOG -DUNIX -Dmmap=_mmap_32_ $(X_INCLUDE) 
#C_FLAGS=-g -D_BSD -DLINUX -D_NO_PROTO -DXOPEN_CATALOG -DUNIX -Dmmap=_mmap_32_ $(X_INCLUDE) 
#X_INCLUDE=. -I/usr/include/uil -I/usr/include/Xt -I/usr/include/lib -I$(HHHOME)/include -DOSF1
VERSIONE=-DBANCO_MANOVRA -DSCADA -DBACKTRACK -DF22_APPEND -DSNAP_PIAC -DPIACENZA -DREPLAY -DMFFR -DSAVEPERT
UIL_INCLUDE=-I/usr/include/uil
UIL_COMPILER=/usr/bin/X11/uil
X_FLAGS=-c -D_NO_PROTO -DSNAPSHOT
#F_FLAGS=-lfor
F_LIB=-lg2c -lm
MOTIF_VER=11
HHHOME=$(TOOLS)/hyperhelp
HYPERHELP_OBJ = $(HHHOME)/winhelp/decaosf/winhelp.o
UXCGEN=run_uxcgen.sh $@ $<
#------------------------ C preprocessor
CPP=cpp
#CPPFLAGS=-P -C -DLINUX
#------------------------ C compiler
#CC=cc
#CFLAGS=$(C_FLAGS)
#.c.o:
#	$(CC) -c $(CFLAGS) $< -o $@
#------------------------ Fortran compiler (g77)
F_FLAGS=-fno-second-underscore
